<?xml version="1.0" encoding="utf-8"?><testsuite errors="0" failures="0" name="sphinx-gallery" skipped="1" tests="9" time="4.804580450057983"><testcase classname="plot_svg" file="examples/plot_svg.py" line="1" name='"SVG":-`graphics_`' time="0.0934453010559082"></testcase><testcase classname="plot_log" file="examples/plot_log.py" line="1" name="Logging test" time="0.001600027084350586"></testcase><testcase classname="plot_pickle" file="examples/plot_pickle.py" line="1" name="Pickling" time="0.28444981575012207"></testcase><testcase classname="plot_second_future_imports" file="examples/plot_second_future_imports.py" line="1" name="Testing future statements across examples" time="0.0006806850433349609"></testcase><testcase classname="plot_matplotlib_alt" file="examples/plot_matplotlib_alt.py" line="1" name="Matplotlib alt text" time="0.3183255195617676"></testcase><testcase classname="plot_animation" file="examples/plot_animation.py" line="1" name="Animation support" time="3.9410040378570557"></testcase><testcase classname="plot_numpy_matplotlib" file="examples/plot_numpy_matplotlib.py" line="1" name="Link to other packages" time="0.16265583038330078"></testcase><testcase classname="plot_future_imports_broken" file="examples/future/plot_future_imports_broken.py" line="1" name="Test without __future__ imports" time="0.001458883285522461"><skipped message="expected example failure"></skipped></testcase><testcase classname="plot_future_imports" file="examples/future/plot_future_imports.py" line="1" name="Test __future__ imports across cells" time="0.0009603500366210938"></testcase></testsuite>