<?xml version="1.0" encoding="utf-8"?><testsuites><testsuite errors="0" failures="0" hostname="macl3886" name="pytest" skipped="0" tests="8" time="10.208" timestamp="2020-05-22T14:59:44.881086"><testcase classname="tests.test_ir2_downloader.ipynb" file="tests/test_ir2_downloader.ipynb" line="0" name="Cell 0" time="6.646"></testcase><testcase classname="tests.test_ir2_downloader.ipynb" file="tests/test_ir2_downloader.ipynb" line="0" name="Cell 1" time="0.030"></testcase><testcase classname="tests.test_ir2_downloader.ipynb" file="tests/test_ir2_downloader.ipynb" line="0" name="Cell 2" time="0.033"></testcase><testcase classname="tests.test_ir2_downloader.ipynb" file="tests/test_ir2_downloader.ipynb" line="0" name="Cell 3" time="0.030"></testcase><testcase classname="tests.test_ir2_downloader.ipynb" file="tests/test_ir2_downloader.ipynb" line="0" name="Cell 4" time="0.030"></testcase><testcase classname="tests.test_ir2_downloader.ipynb" file="tests/test_ir2_downloader.ipynb" line="0" name="Cell 5" time="2.270"></testcase><testcase classname="tests.test_ir2_downloader.ipynb" file="tests/test_ir2_downloader.ipynb" line="0" name="Cell 6" time="1.095"></testcase><testcase classname="tests.test_ir2_downloader.ipynb" file="tests/test_ir2_downloader.ipynb" line="0" name="Cell 7" time="0.018"></testcase></testsuite></testsuites>